{"D:\\WebStorm Workspace\\Procurement for Construction - CSSE - 3rd Year 2nd Semester\\procurement_frontend\\mocks\\styleMock.js": {"path":"D:\\WebStorm Workspace\\Procurement for Construction - CSSE - 3rd Year 2nd Semester\\procurement_frontend\\mocks\\styleMock.js","statementMap":{"0":{"start":{"line":3,"column":0},"end":{"line":3,"column":20}}},"fnMap":{},"branchMap":{},"s":{"0":3},"f":{},"b":{},"_coverageSchema":"1a1c01bbd47fc00a2c39e90264f33305004495a9","hash":"df8d035ca34efd82965484946ac18bc038877e0e"}
,"D:\\WebStorm Workspace\\Procurement for Construction - CSSE - 3rd Year 2nd Semester\\procurement_frontend\\src\\App.js": {"path":"D:\\WebStorm Workspace\\Procurement for Construction - CSSE - 3rd Year 2nd Semester\\procurement_frontend\\src\\App.js","statementMap":{"0":{"start":{"line":12,"column":8},"end":{"line":12,"column":21}},"1":{"start":{"line":13,"column":8},"end":{"line":15,"column":9}},"2":{"start":{"line":18,"column":8},"end":{"line":43,"column":10}}},"fnMap":{"0":{"name":"(anonymous_0)","decl":{"start":{"line":11,"column":4},"end":{"line":11,"column":5}},"loc":{"start":{"line":11,"column":23},"end":{"line":16,"column":5}},"line":11},"1":{"name":"(anonymous_1)","decl":{"start":{"line":17,"column":4},"end":{"line":17,"column":5}},"loc":{"start":{"line":17,"column":13},"end":{"line":44,"column":5}},"line":17}},"branchMap":{},"s":{"0":0,"1":0,"2":0},"f":{"0":0,"1":0},"b":{},"_coverageSchema":"1a1c01bbd47fc00a2c39e90264f33305004495a9","hash":"f4fb08a27dde5d20a5777570844d1328cd704ff8"}
,"D:\\WebStorm Workspace\\Procurement for Construction - CSSE - 3rd Year 2nd Semester\\procurement_frontend\\src\\components\\DirectOrdersTable.jsx": {"path":"D:\\WebStorm Workspace\\Procurement for Construction - CSSE - 3rd Year 2nd Semester\\procurement_frontend\\src\\components\\DirectOrdersTable.jsx","statementMap":{"0":{"start":{"line":5,"column":8},"end":{"line":11,"column":10}}},"fnMap":{"0":{"name":"(anonymous_0)","decl":{"start":{"line":4,"column":4},"end":{"line":4,"column":5}},"loc":{"start":{"line":4,"column":13},"end":{"line":12,"column":5}},"line":4}},"branchMap":{},"s":{"0":0},"f":{"0":0},"b":{},"_coverageSchema":"1a1c01bbd47fc00a2c39e90264f33305004495a9","hash":"45d0c2c157b61a5de69bd08b8f60f6f08e630fdc"}
,"D:\\WebStorm Workspace\\Procurement for Construction - CSSE - 3rd Year 2nd Semester\\procurement_frontend\\src\\components\\DisplayDetailsContainer.jsx": {"path":"D:\\WebStorm Workspace\\Procurement for Construction - CSSE - 3rd Year 2nd Semester\\procurement_frontend\\src\\components\\DisplayDetailsContainer.jsx","statementMap":{"0":{"start":{"line":9,"column":111},"end":{"line":9,"column":143}},"1":{"start":{"line":11,"column":8},"end":{"line":115,"column":10}},"2":{"start":{"line":22,"column":96},"end":{"line":22,"column":135}},"3":{"start":{"line":57,"column":154},"end":{"line":57,"column":192}},"4":{"start":{"line":92,"column":52},"end":{"line":92,"column":91}},"5":{"start":{"line":100,"column":53},"end":{"line":100,"column":92}},"6":{"start":{"line":108,"column":53},"end":{"line":108,"column":89}}},"fnMap":{"0":{"name":"(anonymous_0)","decl":{"start":{"line":6,"column":4},"end":{"line":6,"column":5}},"loc":{"start":{"line":6,"column":13},"end":{"line":116,"column":5}},"line":6},"1":{"name":"(anonymous_1)","decl":{"start":{"line":22,"column":88},"end":{"line":22,"column":89}},"loc":{"start":{"line":22,"column":95},"end":{"line":22,"column":137}},"line":22},"2":{"name":"(anonymous_2)","decl":{"start":{"line":57,"column":146},"end":{"line":57,"column":147}},"loc":{"start":{"line":57,"column":153},"end":{"line":57,"column":193}},"line":57},"3":{"name":"(anonymous_3)","decl":{"start":{"line":92,"column":44},"end":{"line":92,"column":45}},"loc":{"start":{"line":92,"column":51},"end":{"line":92,"column":92}},"line":92},"4":{"name":"(anonymous_4)","decl":{"start":{"line":100,"column":44},"end":{"line":100,"column":45}},"loc":{"start":{"line":100,"column":51},"end":{"line":100,"column":94}},"line":100},"5":{"name":"(anonymous_5)","decl":{"start":{"line":108,"column":44},"end":{"line":108,"column":45}},"loc":{"start":{"line":108,"column":51},"end":{"line":108,"column":91}},"line":108}},"branchMap":{"0":{"loc":{"start":{"line":27,"column":26},"end":{"line":111,"column":33}},"type":"cond-expr","locations":[{"start":{"line":28,"column":28},"end":{"line":59,"column":35}},{"start":{"line":61,"column":24},"end":{"line":111,"column":31}}],"line":27}},"s":{"0":1,"1":1,"2":0,"3":0,"4":0,"5":0,"6":0},"f":{"0":1,"1":0,"2":0,"3":0,"4":0,"5":0},"b":{"0":[0,1]},"_coverageSchema":"1a1c01bbd47fc00a2c39e90264f33305004495a9","hash":"2523a6d147918fd58d7e88c999e04172a5355c01"}
,"D:\\WebStorm Workspace\\Procurement for Construction - CSSE - 3rd Year 2nd Semester\\procurement_frontend\\src\\components\\Home.jsx": {"path":"D:\\WebStorm Workspace\\Procurement for Construction - CSSE - 3rd Year 2nd Semester\\procurement_frontend\\src\\components\\Home.jsx","statementMap":{"0":{"start":{"line":5,"column":8},"end":{"line":9,"column":10}}},"fnMap":{"0":{"name":"(anonymous_0)","decl":{"start":{"line":4,"column":4},"end":{"line":4,"column":5}},"loc":{"start":{"line":4,"column":13},"end":{"line":10,"column":5}},"line":4}},"branchMap":{},"s":{"0":0},"f":{"0":0},"b":{},"_coverageSchema":"1a1c01bbd47fc00a2c39e90264f33305004495a9","hash":"304e847a075743a7f9186d7265df6becd71bf4ed"}
,"D:\\WebStorm Workspace\\Procurement for Construction - CSSE - 3rd Year 2nd Semester\\procurement_frontend\\src\\components\\OrderRequisitionsContainer.jsx": {"path":"D:\\WebStorm Workspace\\Procurement for Construction - CSSE - 3rd Year 2nd Semester\\procurement_frontend\\src\\components\\OrderRequisitionsContainer.jsx","statementMap":{"0":{"start":{"line":8,"column":8},"end":{"line":33,"column":10}}},"fnMap":{"0":{"name":"(anonymous_0)","decl":{"start":{"line":6,"column":4},"end":{"line":6,"column":5}},"loc":{"start":{"line":6,"column":13},"end":{"line":34,"column":5}},"line":6}},"branchMap":{"0":{"loc":{"start":{"line":17,"column":52},"end":{"line":17,"column":147}},"type":"cond-expr","locations":[{"start":{"line":17,"column":88},"end":{"line":17,"column":120}},{"start":{"line":17,"column":123},"end":{"line":17,"column":147}}],"line":17},"1":{"loc":{"start":{"line":20,"column":52},"end":{"line":20,"column":142}},"type":"cond-expr","locations":[{"start":{"line":20,"column":83},"end":{"line":20,"column":115}},{"start":{"line":20,"column":118},"end":{"line":20,"column":142}}],"line":20},"2":{"loc":{"start":{"line":26,"column":30},"end":{"line":28,"column":156}},"type":"cond-expr","locations":[{"start":{"line":26,"column":67},"end":{"line":28,"column":94}},{"start":{"line":28,"column":97},"end":{"line":28,"column":156}}],"line":26},"3":{"loc":{"start":{"line":28,"column":97},"end":{"line":28,"column":156}},"type":"cond-expr","locations":[{"start":{"line":28,"column":128},"end":{"line":28,"column":149}},{"start":{"line":28,"column":152},"end":{"line":28,"column":156}}],"line":28}},"s":{"0":1},"f":{"0":1},"b":{"0":[1,0],"1":[0,1],"2":[1,0],"3":[0,0]},"_coverageSchema":"1a1c01bbd47fc00a2c39e90264f33305004495a9","hash":"9ce178f243fb530f574b54ba094798c2ad91b33a"}
,"D:\\WebStorm Workspace\\Procurement for Construction - CSSE - 3rd Year 2nd Semester\\procurement_frontend\\src\\components\\PurchaseOrder.jsx": {"path":"D:\\WebStorm Workspace\\Procurement for Construction - CSSE - 3rd Year 2nd Semester\\procurement_frontend\\src\\components\\PurchaseOrder.jsx","statementMap":{"0":{"start":{"line":6,"column":13},"end":{"line":6,"column":30}},"1":{"start":{"line":10,"column":8},"end":{"line":10,"column":21}},"2":{"start":{"line":11,"column":8},"end":{"line":70,"column":10}},"3":{"start":{"line":72,"column":8},"end":{"line":72,"column":71}},"4":{"start":{"line":73,"column":8},"end":{"line":73,"column":99}},"5":{"start":{"line":74,"column":8},"end":{"line":74,"column":103}},"6":{"start":{"line":75,"column":8},"end":{"line":75,"column":103}},"7":{"start":{"line":76,"column":8},"end":{"line":76,"column":121}},"8":{"start":{"line":77,"column":8},"end":{"line":77,"column":83}},"9":{"start":{"line":78,"column":8},"end":{"line":78,"column":105}},"10":{"start":{"line":79,"column":8},"end":{"line":79,"column":69}},"11":{"start":{"line":80,"column":8},"end":{"line":80,"column":67}},"12":{"start":{"line":81,"column":8},"end":{"line":81,"column":73}},"13":{"start":{"line":82,"column":8},"end":{"line":82,"column":73}},"14":{"start":{"line":83,"column":8},"end":{"line":83,"column":67}},"15":{"start":{"line":84,"column":8},"end":{"line":84,"column":77}},"16":{"start":{"line":85,"column":8},"end":{"line":85,"column":69}},"17":{"start":{"line":86,"column":8},"end":{"line":86,"column":67}},"18":{"start":{"line":87,"column":8},"end":{"line":87,"column":79}},"19":{"start":{"line":88,"column":8},"end":{"line":88,"column":81}},"20":{"start":{"line":89,"column":8},"end":{"line":89,"column":107}},"21":{"start":{"line":93,"column":8},"end":{"line":93,"column":51}},"22":{"start":{"line":94,"column":20},"end":{"line":94,"column":49}},"23":{"start":{"line":95,"column":8},"end":{"line":95,"column":153}},"24":{"start":{"line":95,"column":38},"end":{"line":95,"column":48}},"25":{"start":{"line":95,"column":65},"end":{"line":95,"column":98}},"26":{"start":{"line":95,"column":118},"end":{"line":95,"column":150}},"27":{"start":{"line":99,"column":20},"end":{"line":99,"column":56}},"28":{"start":{"line":100,"column":31},"end":{"line":104,"column":9}},"29":{"start":{"line":105,"column":8},"end":{"line":111,"column":15}},"30":{"start":{"line":105,"column":53},"end":{"line":105,"column":63}},"31":{"start":{"line":107,"column":16},"end":{"line":107,"column":34}},"32":{"start":{"line":110,"column":16},"end":{"line":110,"column":49}},"33":{"start":{"line":115,"column":20},"end":{"line":115,"column":74}},"34":{"start":{"line":116,"column":31},"end":{"line":120,"column":9}},"35":{"start":{"line":121,"column":8},"end":{"line":128,"column":14}},"36":{"start":{"line":122,"column":25},"end":{"line":122,"column":35}},"37":{"start":{"line":124,"column":16},"end":{"line":124,"column":34}},"38":{"start":{"line":127,"column":16},"end":{"line":127,"column":49}},"39":{"start":{"line":132,"column":20},"end":{"line":132,"column":68}},"40":{"start":{"line":133,"column":31},"end":{"line":135,"column":9}},"41":{"start":{"line":136,"column":8},"end":{"line":143,"column":14}},"42":{"start":{"line":137,"column":25},"end":{"line":137,"column":35}},"43":{"start":{"line":139,"column":16},"end":{"line":139,"column":33}},"44":{"start":{"line":142,"column":16},"end":{"line":142,"column":49}},"45":{"start":{"line":147,"column":20},"end":{"line":147,"column":56}},"46":{"start":{"line":148,"column":31},"end":{"line":152,"column":9}},"47":{"start":{"line":153,"column":8},"end":{"line":160,"column":14}},"48":{"start":{"line":154,"column":25},"end":{"line":154,"column":35}},"49":{"start":{"line":156,"column":16},"end":{"line":156,"column":33}},"50":{"start":{"line":159,"column":16},"end":{"line":159,"column":49}},"51":{"start":{"line":165,"column":8},"end":{"line":165,"column":41}},"52":{"start":{"line":167,"column":22},"end":{"line":167,"column":47}},"53":{"start":{"line":168,"column":41},"end":{"line":168,"column":43}},"54":{"start":{"line":169,"column":30},"end":{"line":169,"column":32}},"55":{"start":{"line":171,"column":8},"end":{"line":199,"column":11}},"56":{"start":{"line":174,"column":12},"end":{"line":174,"column":62}},"57":{"start":{"line":177,"column":12},"end":{"line":198,"column":13}},"58":{"start":{"line":178,"column":16},"end":{"line":180,"column":17}},"59":{"start":{"line":179,"column":20},"end":{"line":179,"column":44}},"60":{"start":{"line":181,"column":19},"end":{"line":198,"column":13}},"61":{"start":{"line":182,"column":16},"end":{"line":197,"column":17}},"62":{"start":{"line":189,"column":46},"end":{"line":189,"column":59}},"63":{"start":{"line":190,"column":46},"end":{"line":190,"column":63}},"64":{"start":{"line":193,"column":42},"end":{"line":193,"column":90}},"65":{"start":{"line":195,"column":20},"end":{"line":195,"column":58}},"66":{"start":{"line":201,"column":8},"end":{"line":207,"column":11}},"67":{"start":{"line":202,"column":11},"end":{"line":206,"column":12}},"68":{"start":{"line":203,"column":15},"end":{"line":203,"column":53}},"69":{"start":{"line":204,"column":18},"end":{"line":206,"column":12}},"70":{"start":{"line":205,"column":15},"end":{"line":205,"column":42}},"71":{"start":{"line":210,"column":8},"end":{"line":210,"column":75}},"72":{"start":{"line":212,"column":8},"end":{"line":216,"column":11}},"73":{"start":{"line":225,"column":8},"end":{"line":244,"column":11}},"74":{"start":{"line":226,"column":12},"end":{"line":243,"column":13}},"75":{"start":{"line":227,"column":16},"end":{"line":242,"column":17}},"76":{"start":{"line":234,"column":46},"end":{"line":234,"column":59}},"77":{"start":{"line":235,"column":46},"end":{"line":235,"column":63}},"78":{"start":{"line":238,"column":42},"end":{"line":238,"column":90}},"79":{"start":{"line":240,"column":20},"end":{"line":240,"column":58}},"80":{"start":{"line":245,"column":8},"end":{"line":245,"column":27}},"81":{"start":{"line":249,"column":8},"end":{"line":251,"column":11}},"82":{"start":{"line":250,"column":12},"end":{"line":250,"column":62}},"83":{"start":{"line":252,"column":8},"end":{"line":252,"column":27}},"84":{"start":{"line":256,"column":24},"end":{"line":256,"column":56}},"85":{"start":{"line":258,"column":8},"end":{"line":258,"column":50}},"86":{"start":{"line":261,"column":8},"end":{"line":263,"column":10}},"87":{"start":{"line":268,"column":8},"end":{"line":268,"column":27}},"88":{"start":{"line":270,"column":24},"end":{"line":270,"column":56}},"89":{"start":{"line":272,"column":8},"end":{"line":272,"column":37}},"90":{"start":{"line":273,"column":8},"end":{"line":273,"column":73}},"91":{"start":{"line":277,"column":41},"end":{"line":277,"column":80}},"92":{"start":{"line":280,"column":8},"end":{"line":280,"column":58}},"93":{"start":{"line":285,"column":8},"end":{"line":285,"column":66}},"94":{"start":{"line":287,"column":8},"end":{"line":287,"column":67}},"95":{"start":{"line":289,"column":8},"end":{"line":292,"column":11}},"96":{"start":{"line":293,"column":8},"end":{"line":293,"column":94}},"97":{"start":{"line":298,"column":24},"end":{"line":298,"column":56}},"98":{"start":{"line":299,"column":8},"end":{"line":299,"column":42}},"99":{"start":{"line":300,"column":8},"end":{"line":300,"column":37}},"100":{"start":{"line":301,"column":8},"end":{"line":301,"column":44}},"101":{"start":{"line":302,"column":8},"end":{"line":302,"column":52}},"102":{"start":{"line":303,"column":8},"end":{"line":303,"column":56}},"103":{"start":{"line":304,"column":8},"end":{"line":304,"column":54}},"104":{"start":{"line":305,"column":8},"end":{"line":305,"column":56}},"105":{"start":{"line":306,"column":8},"end":{"line":306,"column":52}},"106":{"start":{"line":307,"column":8},"end":{"line":307,"column":48}},"107":{"start":{"line":310,"column":8},"end":{"line":312,"column":11}},"108":{"start":{"line":316,"column":8},"end":{"line":316,"column":27}},"109":{"start":{"line":318,"column":41},"end":{"line":318,"column":80}},"110":{"start":{"line":319,"column":48},"end":{"line":323,"column":10}},"111":{"start":{"line":320,"column":12},"end":{"line":322,"column":13}},"112":{"start":{"line":321,"column":16},"end":{"line":321,"column":29}},"113":{"start":{"line":325,"column":8},"end":{"line":325,"column":67}},"114":{"start":{"line":327,"column":8},"end":{"line":340,"column":10}},"115":{"start":{"line":344,"column":24},"end":{"line":344,"column":56}},"116":{"start":{"line":345,"column":8},"end":{"line":345,"column":36}},"117":{"start":{"line":347,"column":8},"end":{"line":349,"column":10}},"118":{"start":{"line":353,"column":8},"end":{"line":353,"column":27}},"119":{"start":{"line":356,"column":41},"end":{"line":356,"column":75}},"120":{"start":{"line":357,"column":29},"end":{"line":357,"column":56}},"121":{"start":{"line":360,"column":8},"end":{"line":360,"column":69}},"122":{"start":{"line":362,"column":44},"end":{"line":362,"column":114}},"123":{"start":{"line":365,"column":8},"end":{"line":367,"column":11}},"124":{"start":{"line":368,"column":8},"end":{"line":368,"column":92}},"125":{"start":{"line":369,"column":8},"end":{"line":369,"column":84}},"126":{"start":{"line":373,"column":8},"end":{"line":373,"column":27}},"127":{"start":{"line":376,"column":41},"end":{"line":376,"column":75}},"128":{"start":{"line":377,"column":29},"end":{"line":377,"column":56}},"129":{"start":{"line":380,"column":8},"end":{"line":380,"column":66}},"130":{"start":{"line":383,"column":8},"end":{"line":385,"column":10}},"131":{"start":{"line":389,"column":8},"end":{"line":389,"column":27}},"132":{"start":{"line":392,"column":41},"end":{"line":392,"column":75}},"133":{"start":{"line":393,"column":29},"end":{"line":393,"column":56}},"134":{"start":{"line":396,"column":8},"end":{"line":396,"column":68}},"135":{"start":{"line":399,"column":8},"end":{"line":401,"column":10}},"136":{"start":{"line":406,"column":8},"end":{"line":409,"column":10}},"137":{"start":{"line":414,"column":8},"end":{"line":417,"column":10}},"138":{"start":{"line":421,"column":8},"end":{"line":421,"column":59}},"139":{"start":{"line":422,"column":8},"end":{"line":422,"column":88}},"140":{"start":{"line":423,"column":8},"end":{"line":423,"column":65}},"141":{"start":{"line":427,"column":8},"end":{"line":456,"column":10}}},"fnMap":{"0":{"name":"(anonymous_0)","decl":{"start":{"line":9,"column":4},"end":{"line":9,"column":5}},"loc":{"start":{"line":9,"column":23},"end":{"line":90,"column":5}},"line":9},"1":{"name":"(anonymous_1)","decl":{"start":{"line":92,"column":4},"end":{"line":92,"column":5}},"loc":{"start":{"line":92,"column":31},"end":{"line":96,"column":5}},"line":92},"2":{"name":"(anonymous_2)","decl":{"start":{"line":95,"column":31},"end":{"line":95,"column":32}},"loc":{"start":{"line":95,"column":38},"end":{"line":95,"column":48}},"line":95},"3":{"name":"(anonymous_3)","decl":{"start":{"line":95,"column":55},"end":{"line":95,"column":56}},"loc":{"start":{"line":95,"column":63},"end":{"line":95,"column":100}},"line":95},"4":{"name":"(anonymous_4)","decl":{"start":{"line":95,"column":109},"end":{"line":95,"column":110}},"loc":{"start":{"line":95,"column":116},"end":{"line":95,"column":151}},"line":95},"5":{"name":"(anonymous_5)","decl":{"start":{"line":98,"column":4},"end":{"line":98,"column":5}},"loc":{"start":{"line":98,"column":68},"end":{"line":112,"column":5}},"line":98},"6":{"name":"(anonymous_6)","decl":{"start":{"line":105,"column":46},"end":{"line":105,"column":47}},"loc":{"start":{"line":105,"column":53},"end":{"line":105,"column":63}},"line":105},"7":{"name":"(anonymous_7)","decl":{"start":{"line":106,"column":19},"end":{"line":106,"column":20}},"loc":{"start":{"line":106,"column":27},"end":{"line":108,"column":13}},"line":106},"8":{"name":"(anonymous_8)","decl":{"start":{"line":109,"column":20},"end":{"line":109,"column":21}},"loc":{"start":{"line":109,"column":27},"end":{"line":111,"column":13}},"line":109},"9":{"name":"(anonymous_9)","decl":{"start":{"line":114,"column":4},"end":{"line":114,"column":5}},"loc":{"start":{"line":114,"column":81},"end":{"line":129,"column":5}},"line":114},"10":{"name":"(anonymous_10)","decl":{"start":{"line":122,"column":18},"end":{"line":122,"column":19}},"loc":{"start":{"line":122,"column":25},"end":{"line":122,"column":35}},"line":122},"11":{"name":"(anonymous_11)","decl":{"start":{"line":123,"column":19},"end":{"line":123,"column":20}},"loc":{"start":{"line":123,"column":27},"end":{"line":125,"column":13}},"line":123},"12":{"name":"(anonymous_12)","decl":{"start":{"line":126,"column":20},"end":{"line":126,"column":21}},"loc":{"start":{"line":126,"column":27},"end":{"line":127,"column":50}},"line":126},"13":{"name":"(anonymous_13)","decl":{"start":{"line":131,"column":4},"end":{"line":131,"column":5}},"loc":{"start":{"line":131,"column":58},"end":{"line":144,"column":5}},"line":131},"14":{"name":"(anonymous_14)","decl":{"start":{"line":137,"column":18},"end":{"line":137,"column":19}},"loc":{"start":{"line":137,"column":25},"end":{"line":137,"column":35}},"line":137},"15":{"name":"(anonymous_15)","decl":{"start":{"line":138,"column":19},"end":{"line":138,"column":20}},"loc":{"start":{"line":138,"column":27},"end":{"line":140,"column":13}},"line":138},"16":{"name":"(anonymous_16)","decl":{"start":{"line":141,"column":20},"end":{"line":141,"column":21}},"loc":{"start":{"line":141,"column":27},"end":{"line":142,"column":50}},"line":141},"17":{"name":"(anonymous_17)","decl":{"start":{"line":146,"column":4},"end":{"line":146,"column":5}},"loc":{"start":{"line":146,"column":75},"end":{"line":161,"column":5}},"line":146},"18":{"name":"(anonymous_18)","decl":{"start":{"line":154,"column":18},"end":{"line":154,"column":19}},"loc":{"start":{"line":154,"column":25},"end":{"line":154,"column":35}},"line":154},"19":{"name":"(anonymous_19)","decl":{"start":{"line":155,"column":19},"end":{"line":155,"column":20}},"loc":{"start":{"line":155,"column":27},"end":{"line":157,"column":13}},"line":155},"20":{"name":"(anonymous_20)","decl":{"start":{"line":158,"column":20},"end":{"line":158,"column":21}},"loc":{"start":{"line":158,"column":27},"end":{"line":159,"column":50}},"line":158},"21":{"name":"(anonymous_21)","decl":{"start":{"line":163,"column":4},"end":{"line":163,"column":5}},"loc":{"start":{"line":163,"column":30},"end":{"line":217,"column":5}},"line":163},"22":{"name":"(anonymous_22)","decl":{"start":{"line":171,"column":21},"end":{"line":171,"column":22}},"loc":{"start":{"line":171,"column":29},"end":{"line":199,"column":9}},"line":171},"23":{"name":"(anonymous_23)","decl":{"start":{"line":201,"column":21},"end":{"line":201,"column":22}},"loc":{"start":{"line":201,"column":29},"end":{"line":207,"column":9}},"line":201},"24":{"name":"(anonymous_24)","decl":{"start":{"line":224,"column":4},"end":{"line":224,"column":5}},"loc":{"start":{"line":224,"column":54},"end":{"line":246,"column":5}},"line":224},"25":{"name":"(anonymous_25)","decl":{"start":{"line":225,"column":24},"end":{"line":225,"column":25}},"loc":{"start":{"line":225,"column":32},"end":{"line":244,"column":9}},"line":225},"26":{"name":"(anonymous_26)","decl":{"start":{"line":248,"column":4},"end":{"line":248,"column":5}},"loc":{"start":{"line":248,"column":40},"end":{"line":253,"column":5}},"line":248},"27":{"name":"(anonymous_27)","decl":{"start":{"line":249,"column":25},"end":{"line":249,"column":26}},"loc":{"start":{"line":249,"column":33},"end":{"line":251,"column":9}},"line":249},"28":{"name":"(anonymous_28)","decl":{"start":{"line":255,"column":4},"end":{"line":255,"column":5}},"loc":{"start":{"line":255,"column":25},"end":{"line":265,"column":5}},"line":255},"29":{"name":"(anonymous_29)","decl":{"start":{"line":267,"column":4},"end":{"line":267,"column":5}},"loc":{"start":{"line":267,"column":50},"end":{"line":294,"column":5}},"line":267},"30":{"name":"(anonymous_30)","decl":{"start":{"line":296,"column":4},"end":{"line":296,"column":5}},"loc":{"start":{"line":296,"column":27},"end":{"line":313,"column":5}},"line":296},"31":{"name":"(anonymous_31)","decl":{"start":{"line":315,"column":4},"end":{"line":315,"column":5}},"loc":{"start":{"line":315,"column":60},"end":{"line":341,"column":5}},"line":315},"32":{"name":"(anonymous_32)","decl":{"start":{"line":319,"column":82},"end":{"line":319,"column":83}},"loc":{"start":{"line":319,"column":103},"end":{"line":323,"column":9}},"line":319},"33":{"name":"(anonymous_33)","decl":{"start":{"line":343,"column":4},"end":{"line":343,"column":5}},"loc":{"start":{"line":343,"column":28},"end":{"line":350,"column":5}},"line":343},"34":{"name":"(anonymous_34)","decl":{"start":{"line":352,"column":4},"end":{"line":352,"column":5}},"loc":{"start":{"line":352,"column":44},"end":{"line":370,"column":5}},"line":352},"35":{"name":"(anonymous_35)","decl":{"start":{"line":372,"column":4},"end":{"line":372,"column":5}},"loc":{"start":{"line":372,"column":38},"end":{"line":386,"column":5}},"line":372},"36":{"name":"(anonymous_36)","decl":{"start":{"line":388,"column":4},"end":{"line":388,"column":5}},"loc":{"start":{"line":388,"column":35},"end":{"line":402,"column":5}},"line":388},"37":{"name":"(anonymous_37)","decl":{"start":{"line":404,"column":4},"end":{"line":404,"column":5}},"loc":{"start":{"line":404,"column":31},"end":{"line":410,"column":5}},"line":404},"38":{"name":"(anonymous_38)","decl":{"start":{"line":412,"column":4},"end":{"line":412,"column":5}},"loc":{"start":{"line":412,"column":42},"end":{"line":418,"column":5}},"line":412},"39":{"name":"(anonymous_39)","decl":{"start":{"line":420,"column":4},"end":{"line":420,"column":5}},"loc":{"start":{"line":420,"column":24},"end":{"line":424,"column":5}},"line":420},"40":{"name":"(anonymous_40)","decl":{"start":{"line":426,"column":4},"end":{"line":426,"column":5}},"loc":{"start":{"line":426,"column":13},"end":{"line":457,"column":5}},"line":426}},"branchMap":{"0":{"loc":{"start":{"line":177,"column":12},"end":{"line":198,"column":13}},"type":"if","locations":[{"start":{"line":177,"column":12},"end":{"line":198,"column":13}},{"start":{"line":177,"column":12},"end":{"line":198,"column":13}}],"line":177},"1":{"loc":{"start":{"line":178,"column":16},"end":{"line":180,"column":17}},"type":"if","locations":[{"start":{"line":178,"column":16},"end":{"line":180,"column":17}},{"start":{"line":178,"column":16},"end":{"line":180,"column":17}}],"line":178},"2":{"loc":{"start":{"line":181,"column":19},"end":{"line":198,"column":13}},"type":"if","locations":[{"start":{"line":181,"column":19},"end":{"line":198,"column":13}},{"start":{"line":181,"column":19},"end":{"line":198,"column":13}}],"line":181},"3":{"loc":{"start":{"line":182,"column":16},"end":{"line":197,"column":17}},"type":"if","locations":[{"start":{"line":182,"column":16},"end":{"line":197,"column":17}},{"start":{"line":182,"column":16},"end":{"line":197,"column":17}}],"line":182},"4":{"loc":{"start":{"line":202,"column":11},"end":{"line":206,"column":12}},"type":"if","locations":[{"start":{"line":202,"column":11},"end":{"line":206,"column":12}},{"start":{"line":202,"column":11},"end":{"line":206,"column":12}}],"line":202},"5":{"loc":{"start":{"line":204,"column":18},"end":{"line":206,"column":12}},"type":"if","locations":[{"start":{"line":204,"column":18},"end":{"line":206,"column":12}},{"start":{"line":204,"column":18},"end":{"line":206,"column":12}}],"line":204},"6":{"loc":{"start":{"line":226,"column":12},"end":{"line":243,"column":13}},"type":"if","locations":[{"start":{"line":226,"column":12},"end":{"line":243,"column":13}},{"start":{"line":226,"column":12},"end":{"line":243,"column":13}}],"line":226},"7":{"loc":{"start":{"line":227,"column":16},"end":{"line":242,"column":17}},"type":"if","locations":[{"start":{"line":227,"column":16},"end":{"line":242,"column":17}},{"start":{"line":227,"column":16},"end":{"line":242,"column":17}}],"line":227},"8":{"loc":{"start":{"line":320,"column":12},"end":{"line":322,"column":13}},"type":"if","locations":[{"start":{"line":320,"column":12},"end":{"line":322,"column":13}},{"start":{"line":320,"column":12},"end":{"line":322,"column":13}}],"line":320}},"s":{"0":2,"1":1,"2":1,"3":1,"4":1,"5":1,"6":1,"7":1,"8":1,"9":1,"10":1,"11":1,"12":1,"13":1,"14":1,"15":1,"16":1,"17":1,"18":1,"19":1,"20":1,"21":1,"22":1,"23":1,"24":0,"25":0,"26":0,"27":0,"28":0,"29":0,"30":0,"31":0,"32":0,"33":0,"34":0,"35":0,"36":0,"37":0,"38":0,"39":0,"40":0,"41":0,"42":0,"43":0,"44":0,"45":0,"46":0,"47":0,"48":0,"49":0,"50":0,"51":1,"52":0,"53":0,"54":0,"55":0,"56":0,"57":0,"58":0,"59":0,"60":0,"61":0,"62":0,"63":0,"64":0,"65":0,"66":0,"67":0,"68":0,"69":0,"70":0,"71":0,"72":0,"73":0,"74":0,"75":0,"76":0,"77":0,"78":0,"79":0,"80":0,"81":0,"82":0,"83":0,"84":0,"85":0,"86":0,"87":0,"88":0,"89":0,"90":0,"91":0,"92":0,"93":0,"94":0,"95":0,"96":0,"97":0,"98":0,"99":0,"100":0,"101":0,"102":0,"103":0,"104":0,"105":0,"106":0,"107":0,"108":0,"109":0,"110":0,"111":0,"112":0,"113":0,"114":0,"115":0,"116":0,"117":0,"118":0,"119":0,"120":0,"121":0,"122":0,"123":0,"124":0,"125":0,"126":0,"127":0,"128":0,"129":0,"130":0,"131":0,"132":0,"133":0,"134":0,"135":0,"136":0,"137":0,"138":0,"139":0,"140":0,"141":1},"f":{"0":1,"1":1,"2":0,"3":0,"4":0,"5":0,"6":0,"7":0,"8":0,"9":0,"10":0,"11":0,"12":0,"13":0,"14":0,"15":0,"16":0,"17":0,"18":0,"19":0,"20":0,"21":1,"22":0,"23":0,"24":0,"25":0,"26":0,"27":0,"28":0,"29":0,"30":0,"31":0,"32":0,"33":0,"34":0,"35":0,"36":0,"37":0,"38":0,"39":0,"40":1},"b":{"0":[0,0],"1":[0,0],"2":[0,0],"3":[0,0],"4":[0,0],"5":[0,0],"6":[0,0],"7":[0,0],"8":[0,0]},"_coverageSchema":"1a1c01bbd47fc00a2c39e90264f33305004495a9","hash":"0f6a6f1c08de634d2bed6880a2be7ced68fc77e2"}
,"D:\\WebStorm Workspace\\Procurement for Construction - CSSE - 3rd Year 2nd Semester\\procurement_frontend\\src\\components\\RequestPermissionTable.jsx": {"path":"D:\\WebStorm Workspace\\Procurement for Construction - CSSE - 3rd Year 2nd Semester\\procurement_frontend\\src\\components\\RequestPermissionTable.jsx","statementMap":{"0":{"start":{"line":7,"column":8},"end":{"line":7,"column":21}},"1":{"start":{"line":8,"column":8},"end":{"line":10,"column":10}},"2":{"start":{"line":51,"column":24},"end":{"line":77,"column":9}},"3":{"start":{"line":79,"column":8},"end":{"line":113,"column":10}},"4":{"start":{"line":88,"column":24},"end":{"line":103,"column":25}},"5":{"start":{"line":89,"column":28},"end":{"line":102,"column":29}},"6":{"start":{"line":91,"column":36},"end":{"line":91,"column":79}},"7":{"start":{"line":92,"column":36},"end":{"line":92,"column":68}},"8":{"start":{"line":93,"column":36},"end":{"line":95,"column":38}}},"fnMap":{"0":{"name":"(anonymous_0)","decl":{"start":{"line":6,"column":4},"end":{"line":6,"column":5}},"loc":{"start":{"line":6,"column":23},"end":{"line":12,"column":5}},"line":6},"1":{"name":"(anonymous_1)","decl":{"start":{"line":15,"column":4},"end":{"line":15,"column":5}},"loc":{"start":{"line":15,"column":13},"end":{"line":114,"column":5}},"line":15},"2":{"name":"(anonymous_2)","decl":{"start":{"line":87,"column":37},"end":{"line":87,"column":38}},"loc":{"start":{"line":87,"column":75},"end":{"line":103,"column":26}},"line":87},"3":{"name":"(anonymous_3)","decl":{"start":{"line":90,"column":41},"end":{"line":90,"column":42}},"loc":{"start":{"line":90,"column":64},"end":{"line":96,"column":33}},"line":90}},"branchMap":{"0":{"loc":{"start":{"line":88,"column":24},"end":{"line":103,"column":25}},"type":"if","locations":[{"start":{"line":88,"column":24},"end":{"line":103,"column":25}},{"start":{"line":88,"column":24},"end":{"line":103,"column":25}}],"line":88},"1":{"loc":{"start":{"line":99,"column":48},"end":{"line":99,"column":107}},"type":"cond-expr","locations":[{"start":{"line":99,"column":88},"end":{"line":99,"column":97}},{"start":{"line":99,"column":100},"end":{"line":99,"column":107}}],"line":99},"2":{"loc":{"start":{"line":100,"column":43},"end":{"line":100,"column":100}},"type":"cond-expr","locations":[{"start":{"line":100,"column":83},"end":{"line":100,"column":90}},{"start":{"line":100,"column":93},"end":{"line":100,"column":100}}],"line":100}},"s":{"0":1,"1":1,"2":1,"3":1,"4":10,"5":0,"6":0,"7":0,"8":0},"f":{"0":1,"1":1,"2":10,"3":0},"b":{"0":[0,10],"1":[0,0],"2":[0,0]},"_coverageSchema":"1a1c01bbd47fc00a2c39e90264f33305004495a9","hash":"ced38e642c82df7173910b9038aa165acd7cdcb0"}
}
