TN:
SF:mocks\styleMock.js
FNF:0
FNH:0
DA:3,3
LF:1
LH:1
BRF:0
BRH:0
end_of_record
TN:
SF:src\App.js
FN:11,(anonymous_0)
FN:17,(anonymous_1)
FNF:2
FNH:0
FNDA:0,(anonymous_0)
FNDA:0,(anonymous_1)
DA:12,0
DA:13,0
DA:18,0
LF:3
LH:0
BRF:0
BRH:0
end_of_record
TN:
SF:src\components\DirectOrdersTable.jsx
FN:4,(anonymous_0)
FNF:1
FNH:0
FNDA:0,(anonymous_0)
DA:5,0
LF:1
LH:0
BRF:0
BRH:0
end_of_record
TN:
SF:src\components\DisplayDetailsContainer.jsx
FN:6,(anonymous_0)
FN:22,(anonymous_1)
FN:57,(anonymous_2)
FN:92,(anonymous_3)
FN:100,(anonymous_4)
FN:108,(anonymous_5)
FNF:6
FNH:1
FNDA:1,(anonymous_0)
FNDA:0,(anonymous_1)
FNDA:0,(anonymous_2)
FNDA:0,(anonymous_3)
FNDA:0,(anonymous_4)
FNDA:0,(anonymous_5)
DA:9,1
DA:11,1
DA:22,0
DA:57,0
DA:92,0
DA:100,0
DA:108,0
LF:7
LH:2
BRDA:27,0,0,0
BRDA:27,0,1,1
BRF:2
BRH:1
end_of_record
TN:
SF:src\components\Home.jsx
FN:4,(anonymous_0)
FNF:1
FNH:0
FNDA:0,(anonymous_0)
DA:5,0
LF:1
LH:0
BRF:0
BRH:0
end_of_record
TN:
SF:src\components\OrderRequisitionsContainer.jsx
FN:6,(anonymous_0)
FNF:1
FNH:1
FNDA:1,(anonymous_0)
DA:8,1
LF:1
LH:1
BRDA:17,0,0,1
BRDA:17,0,1,0
BRDA:20,1,0,0
BRDA:20,1,1,1
BRDA:26,2,0,1
BRDA:26,2,1,0
BRDA:28,3,0,0
BRDA:28,3,1,0
BRF:8
BRH:3
end_of_record
TN:
SF:src\components\PurchaseOrder.jsx
FN:9,(anonymous_0)
FN:92,(anonymous_1)
FN:95,(anonymous_2)
FN:95,(anonymous_3)
FN:95,(anonymous_4)
FN:98,(anonymous_5)
FN:105,(anonymous_6)
FN:106,(anonymous_7)
FN:109,(anonymous_8)
FN:114,(anonymous_9)
FN:122,(anonymous_10)
FN:123,(anonymous_11)
FN:126,(anonymous_12)
FN:131,(anonymous_13)
FN:137,(anonymous_14)
FN:138,(anonymous_15)
FN:141,(anonymous_16)
FN:146,(anonymous_17)
FN:154,(anonymous_18)
FN:155,(anonymous_19)
FN:158,(anonymous_20)
FN:163,(anonymous_21)
FN:171,(anonymous_22)
FN:201,(anonymous_23)
FN:224,(anonymous_24)
FN:225,(anonymous_25)
FN:248,(anonymous_26)
FN:249,(anonymous_27)
FN:255,(anonymous_28)
FN:267,(anonymous_29)
FN:296,(anonymous_30)
FN:315,(anonymous_31)
FN:319,(anonymous_32)
FN:343,(anonymous_33)
FN:352,(anonymous_34)
FN:372,(anonymous_35)
FN:388,(anonymous_36)
FN:404,(anonymous_37)
FN:412,(anonymous_38)
FN:420,(anonymous_39)
FN:426,(anonymous_40)
FNF:41
FNH:4
FNDA:1,(anonymous_0)
FNDA:1,(anonymous_1)
FNDA:0,(anonymous_2)
FNDA:0,(anonymous_3)
FNDA:0,(anonymous_4)
FNDA:0,(anonymous_5)
FNDA:0,(anonymous_6)
FNDA:0,(anonymous_7)
FNDA:0,(anonymous_8)
FNDA:0,(anonymous_9)
FNDA:0,(anonymous_10)
FNDA:0,(anonymous_11)
FNDA:0,(anonymous_12)
FNDA:0,(anonymous_13)
FNDA:0,(anonymous_14)
FNDA:0,(anonymous_15)
FNDA:0,(anonymous_16)
FNDA:0,(anonymous_17)
FNDA:0,(anonymous_18)
FNDA:0,(anonymous_19)
FNDA:0,(anonymous_20)
FNDA:1,(anonymous_21)
FNDA:0,(anonymous_22)
FNDA:0,(anonymous_23)
FNDA:0,(anonymous_24)
FNDA:0,(anonymous_25)
FNDA:0,(anonymous_26)
FNDA:0,(anonymous_27)
FNDA:0,(anonymous_28)
FNDA:0,(anonymous_29)
FNDA:0,(anonymous_30)
FNDA:0,(anonymous_31)
FNDA:0,(anonymous_32)
FNDA:0,(anonymous_33)
FNDA:0,(anonymous_34)
FNDA:0,(anonymous_35)
FNDA:0,(anonymous_36)
FNDA:0,(anonymous_37)
FNDA:0,(anonymous_38)
FNDA:0,(anonymous_39)
FNDA:1,(anonymous_40)
DA:6,2
DA:10,1
DA:11,1
DA:72,1
DA:73,1
DA:74,1
DA:75,1
DA:76,1
DA:77,1
DA:78,1
DA:79,1
DA:80,1
DA:81,1
DA:82,1
DA:83,1
DA:84,1
DA:85,1
DA:86,1
DA:87,1
DA:88,1
DA:89,1
DA:93,1
DA:94,1
DA:95,1
DA:99,0
DA:100,0
DA:105,0
DA:107,0
DA:110,0
DA:115,0
DA:116,0
DA:121,0
DA:122,0
DA:124,0
DA:127,0
DA:132,0
DA:133,0
DA:136,0
DA:137,0
DA:139,0
DA:142,0
DA:147,0
DA:148,0
DA:153,0
DA:154,0
DA:156,0
DA:159,0
DA:165,1
DA:167,0
DA:168,0
DA:169,0
DA:171,0
DA:174,0
DA:177,0
DA:178,0
DA:179,0
DA:181,0
DA:182,0
DA:189,0
DA:190,0
DA:193,0
DA:195,0
DA:201,0
DA:202,0
DA:203,0
DA:204,0
DA:205,0
DA:210,0
DA:212,0
DA:225,0
DA:226,0
DA:227,0
DA:234,0
DA:235,0
DA:238,0
DA:240,0
DA:245,0
DA:249,0
DA:250,0
DA:252,0
DA:256,0
DA:258,0
DA:261,0
DA:268,0
DA:270,0
DA:272,0
DA:273,0
DA:277,0
DA:280,0
DA:285,0
DA:287,0
DA:289,0
DA:293,0
DA:298,0
DA:299,0
DA:300,0
DA:301,0
DA:302,0
DA:303,0
DA:304,0
DA:305,0
DA:306,0
DA:307,0
DA:310,0
DA:316,0
DA:318,0
DA:319,0
DA:320,0
DA:321,0
DA:325,0
DA:327,0
DA:344,0
DA:345,0
DA:347,0
DA:353,0
DA:356,0
DA:357,0
DA:360,0
DA:362,0
DA:365,0
DA:368,0
DA:369,0
DA:373,0
DA:376,0
DA:377,0
DA:380,0
DA:383,0
DA:389,0
DA:392,0
DA:393,0
DA:396,0
DA:399,0
DA:406,0
DA:414,0
DA:421,0
DA:422,0
DA:423,0
DA:427,1
LF:138
LH:26
BRDA:177,0,0,0
BRDA:177,0,1,0
BRDA:178,1,0,0
BRDA:178,1,1,0
BRDA:181,2,0,0
BRDA:181,2,1,0
BRDA:182,3,0,0
BRDA:182,3,1,0
BRDA:202,4,0,0
BRDA:202,4,1,0
BRDA:204,5,0,0
BRDA:204,5,1,0
BRDA:226,6,0,0
BRDA:226,6,1,0
BRDA:227,7,0,0
BRDA:227,7,1,0
BRDA:320,8,0,0
BRDA:320,8,1,0
BRF:18
BRH:0
end_of_record
TN:
SF:src\components\RequestPermissionTable.jsx
FN:6,(anonymous_0)
FN:15,(anonymous_1)
FN:87,(anonymous_2)
FN:90,(anonymous_3)
FNF:4
FNH:3
FNDA:1,(anonymous_0)
FNDA:1,(anonymous_1)
FNDA:10,(anonymous_2)
FNDA:0,(anonymous_3)
DA:7,1
DA:8,1
DA:51,1
DA:79,1
DA:88,10
DA:89,0
DA:91,0
DA:92,0
DA:93,0
LF:9
LH:5
BRDA:88,0,0,0
BRDA:88,0,1,10
BRDA:99,1,0,0
BRDA:99,1,1,0
BRDA:100,2,0,0
BRDA:100,2,1,0
BRF:6
BRH:1
end_of_record
